<?xml version="1.0" encoding="UTF-8"?>
<!-- Generated by org.testng.reporters.JUnitReportReporter -->
<testsuite skipped="0" hostname="DESKTOP-5MSOQAN" name="com.test.module.PersonalLoanPageTest" tests="1" failures="0" timestamp="14 Apr 2020 18:28:58 GMT" time="2.590" errors="0">
  <testcase name="validatePageLabel" time="2.590" classname="com.test.module.PersonalLoanPageTest"/>
</testsuite> <!-- com.test.module.PersonalLoanPageTest -->
