<?xml version="1.0" encoding="UTF-8"?>
<!-- Generated by org.testng.reporters.JUnitReportReporter -->
<testsuite skipped="0" hostname="DESKTOP-5MSOQAN" name="com.test.common.SigninSignoffTest" tests="2" failures="0" timestamp="03 Apr 2020 14:09:15 GMT" time="9.652" errors="0">
  <testcase name="signin" time="7.128" classname="com.test.common.SigninSignoffTest"/>
  <testcase name="signoff" time="2.524" classname="com.test.common.SigninSignoffTest"/>
</testsuite> <!-- com.test.common.SigninSignoffTest -->
