<?xml version="1.0" encoding="UTF-8"?>
<!-- Generated by org.testng.reporters.JUnitReportReporter -->
<testsuite skipped="0" hostname="DESKTOP-5MSOQAN" name="com.test.module.PersonalLoanPageTest" tests="4" failures="0" timestamp="03 Apr 2020 20:38:01 GMT" time="36.778" errors="0">
  <testcase name="validatePageLabel" time="3.885" classname="com.test.module.PersonalLoanPageTest"/>
  <testcase name="validatePageLogo" time="0.001" classname="com.test.module.PersonalLoanPageTest"/>
  <testcase name="validateDropdownItems" time="0.320" classname="com.test.module.PersonalLoanPageTest"/>
  <testcase name="validateAmountRestriction" time="32.572" classname="com.test.module.PersonalLoanPageTest"/>
</testsuite> <!-- com.test.module.PersonalLoanPageTest -->
