<?xml version="1.0" encoding="UTF-8"?>
<!-- Generated by org.testng.reporters.JUnitReportReporter -->
<testsuite skipped="0" hostname="DESKTOP-5MSOQAN" name="com.test.module.HomePageTest" tests="7" failures="0" timestamp="03 Apr 2020 19:14:55 GMT" time="3.756" errors="0">
  <testcase name="validateTitle" time="2.311" classname="com.test.module.HomePageTest"/>
  <testcase name="validateLabel" time="0.032" classname="com.test.module.HomePageTest"/>
  <testcase name="validateLogo" time="0.001" classname="com.test.module.HomePageTest"/>
  <testcase name="validateMenuPersonalLoan" time="0.443" classname="com.test.module.HomePageTest"/>
  <testcase name="validateMenuUpgradeCard" time="0.379" classname="com.test.module.HomePageTest"/>
  <testcase name="validateMenuCreditHealth" time="0.392" classname="com.test.module.HomePageTest"/>
  <testcase name="validateMenuHelpCenter" time="0.198" classname="com.test.module.HomePageTest"/>
</testsuite> <!-- com.test.module.HomePageTest -->
