<?xml version="1.0" encoding="UTF-8"?>
<!-- Generated by org.testng.reporters.JUnitReportReporter -->
<testsuite skipped="0" hostname="DESKTOP-5MSOQAN" name="com.test.common.SigninSignoffTest" tests="1" failures="0" timestamp="14 Apr 2020 20:12:41 GMT" time="8.561" errors="0">
  <testcase name="signin" time="8.561" classname="com.test.common.SigninSignoffTest"/>
</testsuite> <!-- com.test.common.SigninSignoffTest -->
