<?xml version="1.0" encoding="UTF-8"?>
<!-- Generated by org.testng.reporters.JUnitReportReporter -->
<testsuite skipped="0" hostname="DESKTOP-5MSOQAN" name="com.test.module.HomePageTest" tests="7" failures="0" timestamp="14 Apr 2020 20:58:50 GMT" time="3.922" errors="0">
  <testcase name="validateTitle" time="2.331" classname="com.test.module.HomePageTest"/>
  <testcase name="validateLabel" time="0.058" classname="com.test.module.HomePageTest"/>
  <testcase name="validateLogo" time="0.001" classname="com.test.module.HomePageTest"/>
  <testcase name="validateMenuPersonalLoan" time="0.117" classname="com.test.module.HomePageTest"/>
  <testcase name="validateMenuUpgradeCard" time="0.101" classname="com.test.module.HomePageTest"/>
  <testcase name="validateMenuCreditHealth" time="1.108" classname="com.test.module.HomePageTest"/>
  <testcase name="validateMenuHelpCenter" time="0.206" classname="com.test.module.HomePageTest"/>
</testsuite> <!-- com.test.module.HomePageTest -->
