<?xml version="1.0" encoding="UTF-8"?>
<!-- Generated by org.testng.reporters.JUnitReportReporter -->
<testsuite skipped="0" hostname="DESKTOP-5MSOQAN" name="com.test.module.HomePageTest" tests="1" failures="0" timestamp="14 Apr 2020 20:14:54 GMT" time="9.450" errors="0">
  <testcase name="validateTitle" time="9.450" classname="com.test.module.HomePageTest"/>
</testsuite> <!-- com.test.module.HomePageTest -->
